# If this log is to be used for incremental obfuscation / patch generation, 
# add any '.class', '.method', '.field' and '.attribute' restrictions here:


#-DO-NOT-EDIT-BELOW-THIS-LINE------------------DO-NOT-EDIT-BELOW-THIS-LINE--
#
# RetroGuard v2.3.1, by Retrologic Systems - www.retrologic.com
#
# Logfile created on Thu Oct 31 21:56:21 GMT 2019
#
# Jar file to be obfuscated:           minecraft-serverjj.jar
# Target Jar file for obfuscated code: minecraft-serverjjrg.jar
# RetroGuard Script file used:         serverretroguard.rgs
#
#
# WARNING - Reflection methods are called which may unavoidably break in the
# obfuscated version at runtime. Please review your source code to ensure
# these methods do not act on classes in the obfuscated Jar file.
#      Your class com/mojang/minecraft/level/LevelObjectInputStream uses '.class' or calls java/lang/Class.forName(Ljava/lang/String;)Ljava/lang/Class;
#
# Memory in use after class data structure built: 2966128 bytes
# Total memory available                        : 241172480 bytes
#
#
# Obfuscated name overloading frequency:
#
# Names reserved from obfuscation:
#
.class com/mojang/util/MathHelper
.class com/mojang/minecraft/phys/AABB
.class com/mojang/minecraft/model/Vector3D
.class com/mojang/minecraft/render/Frustrum
.class com/mojang/minecraft/render/UNKNOWN0
.class com/mojang/minecraft/UNKNOWN0/UNKNOWN0
.class com/mojang/minecraft/server/NetworkManager
.class com/mojang/minecraft/server/MinecraftServer
.class com/mojang/minecraft/server/LogHandler
.class com/mojang/minecraft/server/PlayerManager
.class com/mojang/minecraft/server/UNKNOWN0
.class com/mojang/minecraft/server/ConsoleInput
.class com/mojang/minecraft/server/SaltGenerator
.class com/mojang/minecraft/server/LogFormatter
.class com/mojang/minecraft/server/LevelSaver
.class com/mojang/minecraft/server/HeartbeatManager
.class com/mojang/minecraft/net/UNKNOWN0
.class com/mojang/minecraft/net/PacketType
.class com/mojang/minecraft/level/liquid/LiquidType
.class com/mojang/minecraft/level/tile/Tile$SoundType
.class com/mojang/minecraft/level/tile/Tile
.class com/mojang/minecraft/level/tile/t
.class com/mojang/minecraft/level/tile/s
.class com/mojang/minecraft/level/tile/r
.class com/mojang/minecraft/level/tile/q
.class com/mojang/minecraft/level/tile/p
.class com/mojang/minecraft/level/tile/o
.class com/mojang/minecraft/level/tile/n
.class com/mojang/minecraft/level/tile/m
.class com/mojang/minecraft/level/tile/l
.class com/mojang/minecraft/level/tile/k
.class com/mojang/minecraft/level/tile/j
.class com/mojang/minecraft/level/tile/i
.class com/mojang/minecraft/level/tile/h
.class com/mojang/minecraft/level/tile/g
.class com/mojang/minecraft/level/tile/f
.class com/mojang/minecraft/level/tile/e
.class com/mojang/minecraft/level/tile/d
.class com/mojang/minecraft/level/tile/c
.class com/mojang/minecraft/level/tile/b
.class com/mojang/minecraft/level/tile/a
.class com/mojang/minecraft/level/generator/noise/CombinedNoise
.class com/mojang/minecraft/level/generator/noise/Noise
.class com/mojang/minecraft/level/generator/noise/PerlinNoise
.class com/mojang/minecraft/level/generator/noise/OctaveNoise
.class com/mojang/minecraft/level/generator/LevelGenerator
.class com/mojang/minecraft/level/LevelIO
.class com/mojang/minecraft/level/LevelObjectInputStream
.class com/mojang/minecraft/level/Level
.class com/mojang/minecraft/level/UNKNOWN1
.class com/mojang/minecraft/level/NextTickListEntry
.class com/mojang/minecraft/level/UNKNOWN0
.class com/mojang/minecraft/level/BlockMap$Slot
.class com/mojang/minecraft/level/BlockMap
.class com/mojang/minecraft/AvailableBlockType
.class com/mojang/minecraft/Vector3DCreator
.class com/mojang/minecraft/Entity
.class com/mojang/net/BindTo
.class com/mojang/net/NetworkHandler
#
#
# Obfuscated name mappings (some of these may be unchanged due to polymorphism constraints):
#
.field_map com/mojang/util/MathHelper/a SIN_TABLE
.method_map com/mojang/util/MathHelper/b (F)F cos
.method_map com/mojang/util/MathHelper/a (F)F sin
.method_map com/mojang/util/MathHelper/c (F)F sqrt
.field_map com/mojang/minecraft/phys/AABB/x1 x1
.field_map com/mojang/minecraft/phys/AABB/x0 x0
.field_map com/mojang/minecraft/phys/AABB/y1 y1
.field_map com/mojang/minecraft/phys/AABB/y0 y0
.field_map com/mojang/minecraft/phys/AABB/z1 z1
.field_map com/mojang/minecraft/phys/AABB/z0 z0
.field_map com/mojang/minecraft/phys/AABB/epsilon epsilon
.field_map com/mojang/minecraft/phys/AABB/serialVersionUID serialVersionUID
.method_map com/mojang/minecraft/phys/AABB/intersectsInner (Lcom/mojang/minecraft/phys/AABB;)Z intersectsInner
.method_map com/mojang/minecraft/phys/AABB/copy ()Lcom/mojang/minecraft/phys/AABB; copy
.method_map com/mojang/minecraft/phys/AABB/clipZCollide (Lcom/mojang/minecraft/phys/AABB;F)F clipZCollide
.method_map com/mojang/minecraft/phys/AABB/cloneMove (FFF)Lcom/mojang/minecraft/phys/AABB; cloneMove
.method_map com/mojang/minecraft/phys/AABB/contains (Lcom/mojang/minecraft/model/Vector3D;)Z contains
.method_map com/mojang/minecraft/phys/AABB/grow (FFF)Lcom/mojang/minecraft/phys/AABB; grow
.method_map com/mojang/minecraft/phys/AABB/intersects (FFFFFF)Z intersects
.method_map com/mojang/minecraft/phys/AABB/shrink (FFF)Lcom/mojang/minecraft/phys/AABB; shrink
.method_map com/mojang/minecraft/phys/AABB/move (FFF)V move
.method_map com/mojang/minecraft/phys/AABB/getSize ()F getSize
.method_map com/mojang/minecraft/phys/AABB/c (Lcom/mojang/minecraft/model/Vector3D;)Z c
.method_map com/mojang/minecraft/phys/AABB/b (Lcom/mojang/minecraft/model/Vector3D;)Z b
.method_map com/mojang/minecraft/phys/AABB/a (Lcom/mojang/minecraft/model/Vector3D;)Z a
.method_map com/mojang/minecraft/phys/AABB/intersects (Lcom/mojang/minecraft/phys/AABB;)Z intersects
.method_map com/mojang/minecraft/phys/AABB/clipYCollide (Lcom/mojang/minecraft/phys/AABB;F)F clipYCollide
.method_map com/mojang/minecraft/phys/AABB/clipXCollide (Lcom/mojang/minecraft/phys/AABB;F)F clipXCollide
.method_map com/mojang/minecraft/phys/AABB/expand (FFF)Lcom/mojang/minecraft/phys/AABB; expand
.method_map com/mojang/minecraft/phys/AABB/clip (Lcom/mojang/minecraft/model/Vector3D;Lcom/mojang/minecraft/model/Vector3D;)Lcom/mojang/minecraft/Vector3DCreator; clip
.field_map com/mojang/minecraft/model/Vector3D/b y
.field_map com/mojang/minecraft/model/Vector3D/a x
.field_map com/mojang/minecraft/model/Vector3D/c z
.method_map com/mojang/minecraft/model/Vector3D/a (Lcom/mojang/minecraft/model/Vector3D;F)Lcom/mojang/minecraft/model/Vector3D; getXIntersection
.method_map com/mojang/minecraft/model/Vector3D/a (FFF)Lcom/mojang/minecraft/model/Vector3D; add
.method_map com/mojang/minecraft/model/Vector3D/b (Lcom/mojang/minecraft/model/Vector3D;F)Lcom/mojang/minecraft/model/Vector3D; getYIntersection
.method_map com/mojang/minecraft/model/Vector3D/b (Lcom/mojang/minecraft/model/Vector3D;)F distance
.method_map com/mojang/minecraft/model/Vector3D/toString ()Ljava/lang/String; toString
.method_map com/mojang/minecraft/model/Vector3D/c (Lcom/mojang/minecraft/model/Vector3D;F)Lcom/mojang/minecraft/model/Vector3D; getZIntersection
.method_map com/mojang/minecraft/model/Vector3D/a (Lcom/mojang/minecraft/model/Vector3D;)F distanceSquared
.field_map com/mojang/minecraft/render/Frustrum/a frustrum
.method_map com/mojang/minecraft/render/Frustrum/a (FFFFFF)Z isBoxInFrustrum
.field_map com/mojang/minecraft/server/NetworkManager/u bytes
.field_map com/mojang/minecraft/server/NetworkManager/t t
.field_map com/mojang/minecraft/server/NetworkManager/s clicks
.field_map com/mojang/minecraft/server/NetworkManager/r kicked
.field_map com/mojang/minecraft/server/NetworkManager/q timeTillTalk
.field_map com/mojang/minecraft/server/NetworkManager/p p
.field_map com/mojang/minecraft/server/NetworkManager/o time
.field_map com/mojang/minecraft/server/NetworkManager/n n
.field_map com/mojang/minecraft/server/NetworkManager/m m
.field_map com/mojang/minecraft/server/NetworkManager/l l
.field_map com/mojang/minecraft/server/NetworkManager/k server
.field_map com/mojang/minecraft/server/NetworkManager/j logger
.field_map com/mojang/minecraft/server/NetworkManager/i i
.field_map com/mojang/minecraft/server/NetworkManager/h yawSpawn
.field_map com/mojang/minecraft/server/NetworkManager/g pitchSpawn
.field_map com/mojang/minecraft/server/NetworkManager/f zSpawn
.field_map com/mojang/minecraft/server/NetworkManager/e ySpawn
.field_map com/mojang/minecraft/server/NetworkManager/d xSpawn
.field_map com/mojang/minecraft/server/NetworkManager/c playerID
.field_map com/mojang/minecraft/server/NetworkManager/b playerName
.field_map com/mojang/minecraft/server/NetworkManager/a networkHandler
.method_map com/mojang/minecraft/server/NetworkManager/d (Ljava/lang/String;)V d
.method_map com/mojang/minecraft/server/NetworkManager/a ()V a
.method_map com/mojang/minecraft/server/NetworkManager/c (Ljava/lang/String;)V c
.method_map com/mojang/minecraft/server/NetworkManager/a (Lcom/mojang/minecraft/net/PacketType;[Ljava/lang/Object;)V a
.method_map com/mojang/minecraft/server/NetworkManager/b (Ljava/lang/String;)V b
.method_map com/mojang/minecraft/server/NetworkManager/a (Ljava/lang/Exception;)V a
.method_map com/mojang/minecraft/server/NetworkManager/b (Lcom/mojang/minecraft/net/PacketType;[Ljava/lang/Object;)V b
.method_map com/mojang/minecraft/server/NetworkManager/toString ()Ljava/lang/String; toString
.method_map com/mojang/minecraft/server/NetworkManager/a ([B)V a
.method_map com/mojang/minecraft/server/NetworkManager/a (Ljava/lang/String;)V a
.field_map com/mojang/minecraft/server/MinecraftServer/z maxConnections
.field_map com/mojang/minecraft/server/MinecraftServer/y growTrees
.field_map com/mojang/minecraft/server/MinecraftServer/x x
.field_map com/mojang/minecraft/server/MinecraftServer/w salt
.field_map com/mojang/minecraft/server/MinecraftServer/v v
.field_map com/mojang/minecraft/server/MinecraftServer/u playerManager3
.field_map com/mojang/minecraft/server/MinecraftServer/t networkManager
.field_map com/mojang/minecraft/server/MinecraftServer/s port
.field_map com/mojang/minecraft/server/MinecraftServer/r public_
.field_map com/mojang/minecraft/server/MinecraftServer/q properties
.field_map com/mojang/minecraft/server/MinecraftServer/p maxPlayers
.field_map com/mojang/minecraft/server/MinecraftServer/o o
.field_map com/mojang/minecraft/server/MinecraftServer/n n
.field_map com/mojang/minecraft/server/MinecraftServer/m m
.field_map com/mojang/minecraft/server/MinecraftServer/l bindTo
.field_map com/mojang/minecraft/server/MinecraftServer/k verifyNames
.field_map com/mojang/minecraft/server/MinecraftServer/j saltGenerator
.field_map com/mojang/minecraft/server/MinecraftServer/i playerManager4
.field_map com/mojang/minecraft/server/MinecraftServer/h playerManager2
.field_map com/mojang/minecraft/server/MinecraftServer/g playerManager1
.field_map com/mojang/minecraft/server/MinecraftServer/f adminSlot
.field_map com/mojang/minecraft/server/MinecraftServer/e MOTD
.field_map com/mojang/minecraft/server/MinecraftServer/d serverName
.field_map com/mojang/minecraft/server/MinecraftServer/c mainLevel
.field_map com/mojang/minecraft/server/MinecraftServer/b dateFormat
.field_map com/mojang/minecraft/server/MinecraftServer/a logger
.method_map com/mojang/minecraft/server/MinecraftServer/d (Ljava/lang/String;)V d
.method_map com/mojang/minecraft/server/MinecraftServer/a (Lcom/mojang/minecraft/server/MinecraftServer;Ljava/lang/String;)Ljava/lang/String; a
.method_map com/mojang/minecraft/server/MinecraftServer/a (Lcom/mojang/minecraft/server/NetworkManager;Ljava/lang/String;)V a
.method_map com/mojang/minecraft/server/MinecraftServer/a (Ljava/lang/String;)V a
.method_map com/mojang/minecraft/server/MinecraftServer/b (Lcom/mojang/net/NetworkHandler;)V b
.method_map com/mojang/minecraft/server/MinecraftServer/d ()V d
.method_map com/mojang/minecraft/server/MinecraftServer/a (Lcom/mojang/net/NetworkHandler;)V a
.method_map com/mojang/minecraft/server/MinecraftServer/b ()Ljava/util/List; b
.method_map com/mojang/minecraft/server/MinecraftServer/a (III)V a
.method_map com/mojang/minecraft/server/MinecraftServer/h (Ljava/lang/String;)V h
.method_map com/mojang/minecraft/server/MinecraftServer/e (Ljava/lang/String;)V e
.method_map com/mojang/minecraft/server/MinecraftServer/b (Lcom/mojang/minecraft/server/MinecraftServer;)Ljava/lang/String; b
.method_map com/mojang/minecraft/server/MinecraftServer/a (Ljava/util/Map;)Ljava/lang/String; a
.method_map com/mojang/minecraft/server/MinecraftServer/b (Ljava/lang/String;)V b
.method_map com/mojang/minecraft/server/MinecraftServer/c (Ljava/lang/String;)Lcom/mojang/minecraft/server/NetworkManager; c
.method_map com/mojang/minecraft/server/MinecraftServer/a (Lcom/mojang/minecraft/server/NetworkManager;Lcom/mojang/minecraft/net/PacketType;[Ljava/lang/Object;)V a
.method_map com/mojang/minecraft/server/MinecraftServer/e ()I e
.method_map com/mojang/minecraft/server/MinecraftServer/f (Ljava/lang/String;)V f
.method_map com/mojang/minecraft/server/MinecraftServer/main ([Ljava/lang/String;)V main
.method_map com/mojang/minecraft/server/MinecraftServer/b (Lcom/mojang/minecraft/server/NetworkManager;)V b
.method_map com/mojang/minecraft/server/MinecraftServer/run ()V run
.method_map com/mojang/minecraft/server/MinecraftServer/a (Lcom/mojang/minecraft/server/MinecraftServer;)Ljava/util/List; a
.method_map com/mojang/minecraft/server/MinecraftServer/a (Lcom/mojang/minecraft/net/PacketType;[Ljava/lang/Object;)V a
.method_map com/mojang/minecraft/server/MinecraftServer/a (Lcom/mojang/minecraft/server/NetworkManager;)V a
.method_map com/mojang/minecraft/server/MinecraftServer/a ()I a
.method_map com/mojang/minecraft/server/MinecraftServer/g (Ljava/lang/String;)V g
.method_map com/mojang/minecraft/server/MinecraftServer/c ()V c
.method_map com/mojang/minecraft/server/LogHandler/publish (Ljava/util/logging/LogRecord;)V publish
.field_map com/mojang/minecraft/server/PlayerManager/b name
.field_map com/mojang/minecraft/server/PlayerManager/a logger
.field_map com/mojang/minecraft/server/PlayerManager/d players
.field_map com/mojang/minecraft/server/PlayerManager/c file
.method_map com/mojang/minecraft/server/PlayerManager/a (Ljava/lang/String;)V addPlayer
.method_map com/mojang/minecraft/server/PlayerManager/b ()V save
.method_map com/mojang/minecraft/server/PlayerManager/c (Ljava/lang/String;)Z containsPlayer
.method_map com/mojang/minecraft/server/PlayerManager/b (Ljava/lang/String;)V removePlayer
.method_map com/mojang/minecraft/server/PlayerManager/a ()V load
.field_map com/mojang/minecraft/server/UNKNOWN0/b b
.field_map com/mojang/minecraft/server/UNKNOWN0/a networkHandler
.field_map com/mojang/minecraft/server/ConsoleInput/a server
.method_map com/mojang/minecraft/server/ConsoleInput/run ()V run
.field_map com/mojang/minecraft/server/SaltGenerator/a salt
.method_map com/mojang/minecraft/server/SaltGenerator/a (Ljava/lang/String;)Ljava/lang/String; generate
.method_map com/mojang/minecraft/server/LogFormatter/format (Ljava/util/logging/LogRecord;)Ljava/lang/String; format
.field_map com/mojang/minecraft/server/LevelSaver/b networkManager
.field_map com/mojang/minecraft/server/LevelSaver/a bytes
.method_map com/mojang/minecraft/server/LevelSaver/run ()V run
.field_map com/mojang/minecraft/server/HeartbeatManager/b server
.field_map com/mojang/minecraft/server/HeartbeatManager/a name
.method_map com/mojang/minecraft/server/HeartbeatManager/run ()V run
.field_map com/mojang/minecraft/net/PacketType/u nextOpcode
.field_map com/mojang/minecraft/net/PacketType/t params
.field_map com/mojang/minecraft/net/PacketType/s opCode
.field_map com/mojang/minecraft/net/PacketType/r length
.field_map com/mojang/minecraft/net/PacketType/q UPDATE_PLAYER_TYPE
.field_map com/mojang/minecraft/net/PacketType/p DISCONNECT
.field_map com/mojang/minecraft/net/PacketType/o CHAT_MESSAGE
.field_map com/mojang/minecraft/net/PacketType/n DESPAWN_PLAYER
.field_map com/mojang/minecraft/net/PacketType/m ROTATION_UPDATE
.field_map com/mojang/minecraft/net/PacketType/l POSITION_UPDATE
.field_map com/mojang/minecraft/net/PacketType/k POSITION_ROTATION_UPDATE
.field_map com/mojang/minecraft/net/PacketType/j POSITION_ROTATION
.field_map com/mojang/minecraft/net/PacketType/i SPAWN_PLAYER
.field_map com/mojang/minecraft/net/PacketType/h BLOCK_CHANGE
.field_map com/mojang/minecraft/net/PacketType/g PLAYER_SET_BLOCK
.field_map com/mojang/minecraft/net/PacketType/f LEVEL_FINALIZE
.field_map com/mojang/minecraft/net/PacketType/e LEVEL_DATA_CHUNK
.field_map com/mojang/minecraft/net/PacketType/d LEVEL_INITIALIZE
.field_map com/mojang/minecraft/net/PacketType/c PING
.field_map com/mojang/minecraft/net/PacketType/b INDENTIFICATION
.field_map com/mojang/minecraft/net/PacketType/a packets
.field_map com/mojang/minecraft/level/liquid/LiquidType/b WATER
.field_map com/mojang/minecraft/level/liquid/LiquidType/a NOT_LIQUID
.field_map com/mojang/minecraft/level/liquid/LiquidType/d values
.field_map com/mojang/minecraft/level/liquid/LiquidType/c LAVA
.field_map com/mojang/minecraft/level/tile/Tile$SoundType/name name
.field_map com/mojang/minecraft/level/tile/Tile$SoundType/pitch pitch
.field_map com/mojang/minecraft/level/tile/Tile$SoundType/wood wood
.field_map com/mojang/minecraft/level/tile/Tile$SoundType/stone stone
.field_map com/mojang/minecraft/level/tile/Tile$SoundType/gravel gravel
.field_map com/mojang/minecraft/level/tile/Tile$SoundType/grass grass
.field_map com/mojang/minecraft/level/tile/Tile$SoundType/volume volume
.field_map com/mojang/minecraft/level/tile/Tile$SoundType/cloth cloth
.field_map com/mojang/minecraft/level/tile/Tile$SoundType/a a
.field_map com/mojang/minecraft/level/tile/Tile$SoundType/none none
.field_map com/mojang/minecraft/level/tile/Tile$SoundType/metal metal
.method_map com/mojang/minecraft/level/tile/Tile$SoundType/getPitch ()F getPitch
.method_map com/mojang/minecraft/level/tile/Tile$SoundType/getVolume ()F getVolume
.method_map com/mojang/minecraft/level/tile/Tile$SoundType/valueOf (Ljava/lang/String;)Lcom/mojang/minecraft/level/tile/Tile$SoundType; valueOf
.method_map com/mojang/minecraft/level/tile/Tile$SoundType/values ()[Lcom/mojang/minecraft/level/tile/Tile$SoundType; values
.method_map com/mojang/minecraft/level/tile/t/a (Lcom/mojang/minecraft/level/Level;IIILjava/util/Random;)V a
.method_map com/mojang/minecraft/level/tile/s/f ()I f
.field_map com/mojang/minecraft/level/tile/r/af af
.field_map com/mojang/minecraft/level/tile/r/ae ae
.field_map com/mojang/minecraft/level/tile/r/ad ad
.method_map com/mojang/minecraft/level/tile/r/d ()Lcom/mojang/minecraft/level/liquid/LiquidType; d
.method_map com/mojang/minecraft/level/tile/r/e (Lcom/mojang/minecraft/level/Level;III)Z e
.method_map com/mojang/minecraft/level/tile/r/a ()Z a
.method_map com/mojang/minecraft/level/tile/r/a (III)Lcom/mojang/minecraft/phys/AABB; a
.method_map com/mojang/minecraft/level/tile/r/d (Lcom/mojang/minecraft/level/Level;III)Z d
.method_map com/mojang/minecraft/level/tile/r/f ()I f
.method_map com/mojang/minecraft/level/tile/r/a (Lcom/mojang/minecraft/level/Level;IIII)V a
.method_map com/mojang/minecraft/level/tile/r/c ()Z c
.method_map com/mojang/minecraft/level/tile/r/a (Lcom/mojang/minecraft/level/Level;III)V a
.method_map com/mojang/minecraft/level/tile/r/a (Lcom/mojang/minecraft/level/Level;F)V a
.method_map com/mojang/minecraft/level/tile/r/e ()I e
.method_map com/mojang/minecraft/level/tile/r/a (Lcom/mojang/minecraft/level/Level;IIILjava/util/Random;)V a
.method_map com/mojang/minecraft/level/tile/r/b ()Z b
.method_map com/mojang/minecraft/level/tile/q/c ()Z c
.method_map com/mojang/minecraft/level/tile/q/b ()Z b
.method_map com/mojang/minecraft/level/tile/p/f ()I f
.method_map com/mojang/minecraft/level/tile/o/c (Lcom/mojang/minecraft/level/Level;III)V c
.method_map com/mojang/minecraft/level/tile/o/b (Lcom/mojang/minecraft/level/Level;III)V b
.method_map com/mojang/minecraft/level/tile/n/f ()I f
.method_map com/mojang/minecraft/level/tile/m/a (III)Lcom/mojang/minecraft/phys/AABB; a
.method_map com/mojang/minecraft/level/tile/m/a ()Z a
.method_map com/mojang/minecraft/level/tile/m/c ()Z c
.method_map com/mojang/minecraft/level/tile/m/b ()Z b
.method_map com/mojang/minecraft/level/tile/m/a (Lcom/mojang/minecraft/level/Level;IIILjava/util/Random;)V a
.method_map com/mojang/minecraft/level/tile/l/a (Lcom/mojang/minecraft/level/Level;IIILjava/util/Random;)V a
.field_map com/mojang/minecraft/level/tile/k/ad ad
.method_map com/mojang/minecraft/level/tile/k/a (Lcom/mojang/minecraft/level/Level;IIII)V a
.method_map com/mojang/minecraft/level/tile/k/a ()Z a
.method_map com/mojang/minecraft/level/tile/k/c ()Z c
.method_map com/mojang/minecraft/level/tile/k/b (Lcom/mojang/minecraft/level/Level;III)V b
.method_map com/mojang/minecraft/level/tile/j/f ()I f
.method_map com/mojang/minecraft/level/tile/i/a (Lcom/mojang/minecraft/level/Level;IIII)V a
.method_map com/mojang/minecraft/level/tile/i/a (Lcom/mojang/minecraft/level/Level;IIILjava/util/Random;)V a
.method_map com/mojang/minecraft/level/tile/h/a (Lcom/mojang/minecraft/level/Level;IIILjava/util/Random;)V a
.method_map com/mojang/minecraft/level/tile/g/f ()I f
.method_map com/mojang/minecraft/level/tile/f/a (Lcom/mojang/minecraft/level/Level;III)V a
.method_map com/mojang/minecraft/level/tile/f/a (Lcom/mojang/minecraft/level/Level;IIII)V a
.method_map com/mojang/minecraft/level/tile/f/d (Lcom/mojang/minecraft/level/Level;III)V d
.method_map com/mojang/minecraft/level/tile/b/c ()Z c
.method_map com/mojang/minecraft/level/tile/b/b ()Z b
.field_map com/mojang/minecraft/level/tile/a/Z Z
.field_map com/mojang/minecraft/level/tile/a/Y Y
.field_map com/mojang/minecraft/level/tile/a/X X
.field_map com/mojang/minecraft/level/tile/a/W W
.field_map com/mojang/minecraft/level/tile/a/V V
.field_map com/mojang/minecraft/level/tile/a/U U
.field_map com/mojang/minecraft/level/tile/a/T T
.field_map com/mojang/minecraft/level/tile/a/S S
.field_map com/mojang/minecraft/level/tile/a/R R
.field_map com/mojang/minecraft/level/tile/a/Q Q
.field_map com/mojang/minecraft/level/tile/a/P P
.field_map com/mojang/minecraft/level/tile/a/O O
.field_map com/mojang/minecraft/level/tile/a/N N
.field_map com/mojang/minecraft/level/tile/a/M M
.field_map com/mojang/minecraft/level/tile/a/am am
.field_map com/mojang/minecraft/level/tile/a/L L
.field_map com/mojang/minecraft/level/tile/a/al al
.field_map com/mojang/minecraft/level/tile/a/K K
.field_map com/mojang/minecraft/level/tile/a/ak ak
.field_map com/mojang/minecraft/level/tile/a/J J
.field_map com/mojang/minecraft/level/tile/a/aj aj
.field_map com/mojang/minecraft/level/tile/a/I I
.field_map com/mojang/minecraft/level/tile/a/ai ai
.field_map com/mojang/minecraft/level/tile/a/H H
.field_map com/mojang/minecraft/level/tile/a/ah ah
.field_map com/mojang/minecraft/level/tile/a/G G
.field_map com/mojang/minecraft/level/tile/a/ag ag
.field_map com/mojang/minecraft/level/tile/a/F F
.field_map com/mojang/minecraft/level/tile/a/af af
.field_map com/mojang/minecraft/level/tile/a/E E
.field_map com/mojang/minecraft/level/tile/a/ae ae
.field_map com/mojang/minecraft/level/tile/a/D D
.field_map com/mojang/minecraft/level/tile/a/ad ad
.field_map com/mojang/minecraft/level/tile/a/C C
.field_map com/mojang/minecraft/level/tile/a/ac ac
.field_map com/mojang/minecraft/level/tile/a/B B
.field_map com/mojang/minecraft/level/tile/a/ab ab
.field_map com/mojang/minecraft/level/tile/a/A A
.field_map com/mojang/minecraft/level/tile/a/aa aa
.field_map com/mojang/minecraft/level/tile/a/z z
.field_map com/mojang/minecraft/level/tile/a/y y
.field_map com/mojang/minecraft/level/tile/a/x x
.field_map com/mojang/minecraft/level/tile/a/w w
.field_map com/mojang/minecraft/level/tile/a/v v
.field_map com/mojang/minecraft/level/tile/a/u u
.field_map com/mojang/minecraft/level/tile/a/t t
.field_map com/mojang/minecraft/level/tile/a/s s
.field_map com/mojang/minecraft/level/tile/a/r r
.field_map com/mojang/minecraft/level/tile/a/q q
.field_map com/mojang/minecraft/level/tile/a/p p
.field_map com/mojang/minecraft/level/tile/a/o o
.field_map com/mojang/minecraft/level/tile/a/n n
.field_map com/mojang/minecraft/level/tile/a/m m
.field_map com/mojang/minecraft/level/tile/a/l l
.field_map com/mojang/minecraft/level/tile/a/k k
.field_map com/mojang/minecraft/level/tile/a/j j
.field_map com/mojang/minecraft/level/tile/a/i i
.field_map com/mojang/minecraft/level/tile/a/h h
.field_map com/mojang/minecraft/level/tile/a/g g
.field_map com/mojang/minecraft/level/tile/a/f f
.field_map com/mojang/minecraft/level/tile/a/e e
.field_map com/mojang/minecraft/level/tile/a/d d
.field_map com/mojang/minecraft/level/tile/a/c c
.field_map com/mojang/minecraft/level/tile/a/b b
.field_map com/mojang/minecraft/level/tile/a/a a
.method_map com/mojang/minecraft/level/tile/a/a (IIILcom/mojang/minecraft/model/Vector3D;Lcom/mojang/minecraft/model/Vector3D;)Lcom/mojang/minecraft/Vector3DCreator; a
.method_map com/mojang/minecraft/level/tile/a/a (Lcom/mojang/minecraft/level/Level;IIII)V a
.method_map com/mojang/minecraft/level/tile/a/a (I)V a
.method_map com/mojang/minecraft/level/tile/a/a (III)Lcom/mojang/minecraft/phys/AABB; a
.method_map com/mojang/minecraft/level/tile/a/d ()Lcom/mojang/minecraft/level/liquid/LiquidType; d
.method_map com/mojang/minecraft/level/tile/a/g ()Z g
.method_map com/mojang/minecraft/level/tile/a/e ()I e
.method_map com/mojang/minecraft/level/tile/a/c (Lcom/mojang/minecraft/level/Level;III)V c
.method_map com/mojang/minecraft/level/tile/a/c (Lcom/mojang/minecraft/model/Vector3D;)Z c
.method_map com/mojang/minecraft/level/tile/a/b (Lcom/mojang/minecraft/level/Level;III)V b
.method_map com/mojang/minecraft/level/tile/a/a ()Z a
.method_map com/mojang/minecraft/level/tile/a/b (Lcom/mojang/minecraft/model/Vector3D;)Z b
.method_map com/mojang/minecraft/level/tile/a/a (Lcom/mojang/minecraft/level/Level;III)V a
.method_map com/mojang/minecraft/level/tile/a/a (Lcom/mojang/minecraft/model/Vector3D;)Z a
.method_map com/mojang/minecraft/level/tile/a/a (FFFFFF)V a
.method_map com/mojang/minecraft/level/tile/a/a (Z)V a
.method_map com/mojang/minecraft/level/tile/a/f ()I f
.method_map com/mojang/minecraft/level/tile/a/b ()Z b
.method_map com/mojang/minecraft/level/tile/a/c ()Z c
.method_map com/mojang/minecraft/level/tile/a/a (Lcom/mojang/minecraft/level/Level;F)V a
.method_map com/mojang/minecraft/level/tile/a/a (Lcom/mojang/minecraft/level/Level;IIILjava/util/Random;)V a
.field_map com/mojang/minecraft/level/generator/noise/CombinedNoise/b noise2
.field_map com/mojang/minecraft/level/generator/noise/CombinedNoise/a noise1
.method_map com/mojang/minecraft/level/generator/noise/CombinedNoise/a (DD)D compute
.method_map com/mojang/minecraft/level/generator/noise/Noise/a (DD)D compute
.field_map com/mojang/minecraft/level/generator/noise/PerlinNoise/a noise
.method_map com/mojang/minecraft/level/generator/noise/PerlinNoise/a (DD)D compute
.method_map com/mojang/minecraft/level/generator/noise/PerlinNoise/a (DDD)D lerp
.method_map com/mojang/minecraft/level/generator/noise/PerlinNoise/a (IDDD)D grad
.method_map com/mojang/minecraft/level/generator/noise/PerlinNoise/a (D)D a
.field_map com/mojang/minecraft/level/generator/noise/OctaveNoise/b octaves
.field_map com/mojang/minecraft/level/generator/noise/OctaveNoise/a perlin
.method_map com/mojang/minecraft/level/generator/noise/OctaveNoise/a (DD)D compute
.field_map com/mojang/minecraft/level/generator/LevelGenerator/b width
.field_map com/mojang/minecraft/level/generator/LevelGenerator/a server
.field_map com/mojang/minecraft/level/generator/LevelGenerator/h h
.field_map com/mojang/minecraft/level/generator/LevelGenerator/g waterLevel
.field_map com/mojang/minecraft/level/generator/LevelGenerator/f blocks
.field_map com/mojang/minecraft/level/generator/LevelGenerator/e random
.field_map com/mojang/minecraft/level/generator/LevelGenerator/d height
.field_map com/mojang/minecraft/level/generator/LevelGenerator/c depth
.method_map com/mojang/minecraft/level/generator/LevelGenerator/a (IIII)V populateOre
.method_map com/mojang/minecraft/level/generator/LevelGenerator/a (IIIII)J flood
.method_map com/mojang/minecraft/level/generator/LevelGenerator/a (Ljava/lang/String;III)Lcom/mojang/minecraft/level/Level; generate
.field_map com/mojang/minecraft/level/LevelIO/a server
.method_map com/mojang/minecraft/level/LevelIO/a (Ljava/io/InputStream;)Lcom/mojang/minecraft/level/Level; load
.method_map com/mojang/minecraft/level/LevelIO/a (Lcom/mojang/minecraft/level/Level;Ljava/io/OutputStream;)V save
.field_map com/mojang/minecraft/level/LevelObjectInputStream/a classes
.method_map com/mojang/minecraft/level/LevelObjectInputStream/readClassDescriptor ()Ljava/io/ObjectStreamClass; readClassDescriptor
.field_map com/mojang/minecraft/level/Level/random random
.field_map com/mojang/minecraft/level/Level/growTrees growTrees
.field_map com/mojang/minecraft/level/Level/particleEngine particleEngine
.field_map com/mojang/minecraft/level/Level/tickCount tickCount
.field_map com/mojang/minecraft/level/Level/cloudColor cloudColor
.field_map com/mojang/minecraft/level/Level/waterLevel waterLevel
.field_map com/mojang/minecraft/level/Level/creativeMode creativeMode
.field_map com/mojang/minecraft/level/Level/serialVersionUID serialVersionUID
.field_map com/mojang/minecraft/level/Level/creator creator
.field_map com/mojang/minecraft/level/Level/xSpawn xSpawn
.field_map com/mojang/minecraft/level/Level/font font
.field_map com/mojang/minecraft/level/Level/height height
.field_map com/mojang/minecraft/level/Level/ySpawn ySpawn
.field_map com/mojang/minecraft/level/Level/createTime createTime
.field_map com/mojang/minecraft/level/Level/width width
.field_map com/mojang/minecraft/level/Level/player player
.field_map com/mojang/minecraft/level/Level/networkMode networkMode
.field_map com/mojang/minecraft/level/Level/zSpawn zSpawn
.field_map com/mojang/minecraft/level/Level/rotSpawn rotSpawn
.field_map com/mojang/minecraft/level/Level/fogColor fogColor
.field_map com/mojang/minecraft/level/Level/rendererContext rendererContext
.field_map com/mojang/minecraft/level/Level/blockMap blockMap
.field_map com/mojang/minecraft/level/Level/skyColor skyColor
.field_map com/mojang/minecraft/level/Level/d tickList
.field_map com/mojang/minecraft/level/Level/blocks blocks
.field_map com/mojang/minecraft/level/Level/c randomID
.field_map com/mojang/minecraft/level/Level/b blockers
.field_map com/mojang/minecraft/level/Level/unprocessed unprocessed
.field_map com/mojang/minecraft/level/Level/a listeners
.field_map com/mojang/minecraft/level/Level/depth depth
.field_map com/mojang/minecraft/level/Level/name name
.method_map com/mojang/minecraft/level/Level/a (FFF)Z a
.method_map com/mojang/minecraft/level/Level/isLightBlocker (III)Z isLightBlocker
.method_map com/mojang/minecraft/level/Level/getLiquid (III)Lcom/mojang/minecraft/level/liquid/LiquidType; getLiquid
.method_map com/mojang/minecraft/level/Level/containsAnyLiquid (Lcom/mojang/minecraft/phys/AABB;)Z containsAnyLiquid
.method_map com/mojang/minecraft/level/Level/a (III)Z a
.method_map com/mojang/minecraft/level/Level/getHighestTile (II)I getHighestTile
.method_map com/mojang/minecraft/level/Level/addEntity (Lcom/mojang/minecraft/Entity;)V addEntity
.method_map com/mojang/minecraft/level/Level/clip (Lcom/mojang/minecraft/model/Vector3D;Lcom/mojang/minecraft/model/Vector3D;)Lcom/mojang/minecraft/Vector3DCreator; clip
.method_map com/mojang/minecraft/level/Level/initTransient ()V initTransient
.method_map com/mojang/minecraft/level/Level/isWater (III)Z isWater
.method_map com/mojang/minecraft/level/Level/removeListener$74652038 (Lcom/mojang/minecraft/server/MinecraftServer;)V removeListener$74652038
.method_map com/mojang/minecraft/level/Level/setData (III[B)V setData
.method_map com/mojang/minecraft/level/Level/getTile (III)I getTile
.method_map com/mojang/minecraft/level/Level/swap (IIIIII)V swap
.method_map com/mojang/minecraft/level/Level/maybeGrowTree (III)Z maybeGrowTree
.method_map com/mojang/minecraft/level/Level/getGroundLevel ()F getGroundLevel
.method_map com/mojang/minecraft/level/Level/tickEntities ()V tickEntities
.method_map com/mojang/minecraft/level/Level/setSpawnPos (IIIF)V setSpawnPos
.method_map com/mojang/minecraft/level/Level/getCaveness (Lcom/mojang/minecraft/Entity;)F getCaveness
.method_map com/mojang/minecraft/level/Level/tick ()V tick
.method_map com/mojang/minecraft/level/Level/netSetTileNoNeighborChange (IIII)Z netSetTileNoNeighborChange
.method_map com/mojang/minecraft/level/Level/playSound (Ljava/lang/String;Lcom/mojang/minecraft/Entity;FF)V playSound
.method_map com/mojang/minecraft/level/Level/findEntities (Lcom/mojang/minecraft/Entity;Lcom/mojang/minecraft/phys/AABB;)Ljava/util/List; findEntities
.method_map com/mojang/minecraft/level/Level/getPlayer ()Lcom/mojang/minecraft/Entity; getPlayer
.method_map com/mojang/minecraft/level/Level/finalize ()V finalize
.method_map com/mojang/minecraft/level/Level/removeEntity (Lcom/mojang/minecraft/Entity;)V removeEntity
.method_map com/mojang/minecraft/level/Level/playSound (Ljava/lang/String;FFFFF)V playSound
.method_map com/mojang/minecraft/level/Level/isLit (III)Z isLit
.method_map com/mojang/minecraft/level/Level/isFree (Lcom/mojang/minecraft/phys/AABB;)Z isFree
.method_map com/mojang/minecraft/level/Level/getCubes (Lcom/mojang/minecraft/phys/AABB;)Ljava/util/ArrayList; getCubes
.method_map com/mojang/minecraft/level/Level/removeAllNonCreativeModeEntities ()V removeAllNonCreativeModeEntities
.method_map com/mojang/minecraft/level/Level/setTileNoUpdate (IIII)Z setTileNoUpdate
.method_map com/mojang/minecraft/level/Level/setTile (IIII)Z setTile
.method_map com/mojang/minecraft/level/Level/countInstanceOf (Ljava/lang/Class;)I countInstanceOf
.method_map com/mojang/minecraft/level/Level/calcLightDepths (IIII)V calcLightDepths
.method_map com/mojang/minecraft/level/Level/a (IIII)V a
.method_map com/mojang/minecraft/level/Level/explode (Lcom/mojang/minecraft/Entity;FFFF)V explode
.method_map com/mojang/minecraft/level/Level/getCaveness (FFFF)F getCaveness
.method_map com/mojang/minecraft/level/Level/isSolidTile (III)Z isSolidTile
.method_map com/mojang/minecraft/level/Level/containsLiquid (Lcom/mojang/minecraft/phys/AABB;Lcom/mojang/minecraft/level/liquid/LiquidType;)Z containsLiquid
.method_map com/mojang/minecraft/level/Level/isSolid (FFFF)Z isSolid
.method_map com/mojang/minecraft/level/Level/addListener$74652038 (Lcom/mojang/minecraft/server/MinecraftServer;)V addListener$74652038
.method_map com/mojang/minecraft/level/Level/findSpawn ()V findSpawn
.method_map com/mojang/minecraft/level/Level/updateNeighborsAt (IIII)V updateNeighborsAt
.method_map com/mojang/minecraft/level/Level/getWaterLevel ()F getWaterLevel
.method_map com/mojang/minecraft/level/Level/findSubclassOf (Ljava/lang/Class;)Lcom/mojang/minecraft/Entity; findSubclassOf
.method_map com/mojang/minecraft/level/Level/copyBlocks ()[B copyBlocks
.method_map com/mojang/minecraft/level/Level/addToTickNextTick (IIII)V addToTickNextTick
.method_map com/mojang/minecraft/level/Level/getBrightness (III)F getBrightness
.method_map com/mojang/minecraft/level/Level/netSetTile (IIII)Z netSetTile
.method_map com/mojang/minecraft/level/Level/setNetworkMode (Z)V setNetworkMode
.method_map com/mojang/minecraft/level/Level/setTileNoNeighborChange (IIII)Z setTileNoNeighborChange
.field_map com/mojang/minecraft/level/NextTickListEntry/b y
.field_map com/mojang/minecraft/level/NextTickListEntry/a x
.field_map com/mojang/minecraft/level/NextTickListEntry/e ticks
.field_map com/mojang/minecraft/level/NextTickListEntry/d blocks
.field_map com/mojang/minecraft/level/NextTickListEntry/c z
.field_map com/mojang/minecraft/level/BlockMap$Slot/this$0 this$0
.field_map com/mojang/minecraft/level/BlockMap$Slot/xSlot xSlot
.field_map com/mojang/minecraft/level/BlockMap$Slot/zSlot zSlot
.field_map com/mojang/minecraft/level/BlockMap$Slot/ySlot ySlot
.field_map com/mojang/minecraft/level/BlockMap$Slot/serialVersionUID serialVersionUID
.method_map com/mojang/minecraft/level/BlockMap$Slot/init (FFF)Lcom/mojang/minecraft/level/BlockMap$Slot; init
.method_map com/mojang/minecraft/level/BlockMap$Slot/remove (Lcom/mojang/minecraft/Entity;)V remove
.method_map com/mojang/minecraft/level/BlockMap$Slot/access$600 (Lcom/mojang/minecraft/level/BlockMap$Slot;)I access$600
.method_map com/mojang/minecraft/level/BlockMap$Slot/add (Lcom/mojang/minecraft/Entity;)V add
.method_map com/mojang/minecraft/level/BlockMap$Slot/access$500 (Lcom/mojang/minecraft/level/BlockMap$Slot;)I access$500
.method_map com/mojang/minecraft/level/BlockMap$Slot/access$400 (Lcom/mojang/minecraft/level/BlockMap$Slot;)I access$400
.field_map com/mojang/minecraft/level/BlockMap/width width
.field_map com/mojang/minecraft/level/BlockMap/serialVersionUID serialVersionUID
.field_map com/mojang/minecraft/level/BlockMap/tmp tmp
.field_map com/mojang/minecraft/level/BlockMap/depth depth
.field_map com/mojang/minecraft/level/BlockMap/slot2 slot2
.field_map com/mojang/minecraft/level/BlockMap/entityGrid entityGrid
.field_map com/mojang/minecraft/level/BlockMap/slot slot
.field_map com/mojang/minecraft/level/BlockMap/all all
.field_map com/mojang/minecraft/level/BlockMap/height height
.method_map com/mojang/minecraft/level/BlockMap/moved (Lcom/mojang/minecraft/Entity;)V moved
.method_map com/mojang/minecraft/level/BlockMap/remove (Lcom/mojang/minecraft/Entity;)V remove
.method_map com/mojang/minecraft/level/BlockMap/access$100 (Lcom/mojang/minecraft/level/BlockMap;)I access$100
.method_map com/mojang/minecraft/level/BlockMap/clear ()V clear
.method_map com/mojang/minecraft/level/BlockMap/tickAll ()V tickAll
.method_map com/mojang/minecraft/level/BlockMap/getEntities (Lcom/mojang/minecraft/Entity;Lcom/mojang/minecraft/phys/AABB;Ljava/util/List;)Ljava/util/List; getEntities
.method_map com/mojang/minecraft/level/BlockMap/render (Lcom/mojang/minecraft/model/Vector3D;Lcom/mojang/minecraft/render/Frustrum;Lcom/mojang/minecraft/render/UNKNOWN0;F)V render
.method_map com/mojang/minecraft/level/BlockMap/removeAllNonCreativeModeEntities ()V removeAllNonCreativeModeEntities
.method_map com/mojang/minecraft/level/BlockMap/insert (Lcom/mojang/minecraft/Entity;)V insert
.method_map com/mojang/minecraft/level/BlockMap/getEntities (Lcom/mojang/minecraft/Entity;Lcom/mojang/minecraft/phys/AABB;)Ljava/util/List; getEntities
.method_map com/mojang/minecraft/level/BlockMap/access$000 (Lcom/mojang/minecraft/level/BlockMap;)I access$000
.method_map com/mojang/minecraft/level/BlockMap/access$200 (Lcom/mojang/minecraft/level/BlockMap;)I access$200
.method_map com/mojang/minecraft/level/BlockMap/getEntities (Lcom/mojang/minecraft/Entity;FFFFFF)Ljava/util/List; getEntities
.method_map com/mojang/minecraft/level/BlockMap/getEntities (Lcom/mojang/minecraft/Entity;FFFFFFLjava/util/List;)Ljava/util/List; getEntities
.field_map com/mojang/minecraft/AvailableBlockType/a blocks
.field_map com/mojang/minecraft/Entity/yRotO yRotO
.field_map com/mojang/minecraft/Entity/slide slide
.field_map com/mojang/minecraft/Entity/zo zo
.field_map com/mojang/minecraft/Entity/walkDist walkDist
.field_map com/mojang/minecraft/Entity/zd zd
.field_map com/mojang/minecraft/Entity/serialVersionUID serialVersionUID
.field_map com/mojang/minecraft/Entity/level level
.field_map com/mojang/minecraft/Entity/makeStepSound makeStepSound
.field_map com/mojang/minecraft/Entity/yOld yOld
.field_map com/mojang/minecraft/Entity/walkDistO walkDistO
.field_map com/mojang/minecraft/Entity/xRotO xRotO
.field_map com/mojang/minecraft/Entity/blockMap blockMap
.field_map com/mojang/minecraft/Entity/xRot xRot
.field_map com/mojang/minecraft/Entity/yo yo
.field_map com/mojang/minecraft/Entity/pushthrough pushthrough
.field_map com/mojang/minecraft/Entity/bbHeight bbHeight
.field_map com/mojang/minecraft/Entity/yd yd
.field_map com/mojang/minecraft/Entity/removed removed
.field_map com/mojang/minecraft/Entity/onGround onGround
.field_map com/mojang/minecraft/Entity/heightOffset heightOffset
.field_map com/mojang/minecraft/Entity/hovered hovered
.field_map com/mojang/minecraft/Entity/horizontalCollision horizontalCollision
.field_map com/mojang/minecraft/Entity/nextStep nextStep
.field_map com/mojang/minecraft/Entity/bbWidth bbWidth
.field_map com/mojang/minecraft/Entity/zOld zOld
.field_map com/mojang/minecraft/Entity/fallDistance fallDistance
.field_map com/mojang/minecraft/Entity/xo xo
.field_map com/mojang/minecraft/Entity/textureId textureId
.field_map com/mojang/minecraft/Entity/z z
.field_map com/mojang/minecraft/Entity/y y
.field_map com/mojang/minecraft/Entity/yRot yRot
.field_map com/mojang/minecraft/Entity/x x
.field_map com/mojang/minecraft/Entity/xd xd
.field_map com/mojang/minecraft/Entity/collision collision
.field_map com/mojang/minecraft/Entity/xOld xOld
.field_map com/mojang/minecraft/Entity/footSize footSize
.field_map com/mojang/minecraft/Entity/noPhysics noPhysics
.field_map com/mojang/minecraft/Entity/ySlideOffset ySlideOffset
.field_map com/mojang/minecraft/Entity/bb bb
.method_map com/mojang/minecraft/Entity/turn (FF)V turn
.method_map com/mojang/minecraft/Entity/setPos (FFF)V setPos
.method_map com/mojang/minecraft/Entity/awardKillScore (Lcom/mojang/minecraft/Entity;I)V awardKillScore
.method_map com/mojang/minecraft/Entity/isFree (FFFF)Z isFree
.method_map com/mojang/minecraft/Entity/resetPos ()V resetPos
.method_map com/mojang/minecraft/Entity/push (FFF)V push
.method_map com/mojang/minecraft/Entity/interpolateTurn (FF)V interpolateTurn
.method_map com/mojang/minecraft/Entity/move (FFF)V move
.method_map com/mojang/minecraft/Entity/distanceTo (FFF)F distanceTo
.method_map com/mojang/minecraft/Entity/isInLava ()Z isInLava
.method_map com/mojang/minecraft/Entity/remove ()V remove
.method_map com/mojang/minecraft/Entity/causeFallDamage (F)V causeFallDamage
.method_map com/mojang/minecraft/Entity/isUnderWater ()Z isUnderWater
.method_map com/mojang/minecraft/Entity/getTexture ()I getTexture
.method_map com/mojang/minecraft/Entity/moveTo (FFFFF)V moveTo
.method_map com/mojang/minecraft/Entity/shouldRenderAtSqrDistance (F)Z shouldRenderAtSqrDistance
.method_map com/mojang/minecraft/Entity/tick ()V tick
.method_map com/mojang/minecraft/Entity/push (Lcom/mojang/minecraft/Entity;)V push
.method_map com/mojang/minecraft/Entity/playerTouch (Lcom/mojang/minecraft/Entity;)V playerTouch
.method_map com/mojang/minecraft/Entity/renderHover (Lcom/mojang/minecraft/render/UNKNOWN0;F)V renderHover
.method_map com/mojang/minecraft/Entity/isShootable ()Z isShootable
.method_map com/mojang/minecraft/Entity/intersects (FFFFFF)Z intersects
.method_map com/mojang/minecraft/Entity/render (Lcom/mojang/minecraft/render/UNKNOWN0;F)V render
.method_map com/mojang/minecraft/Entity/setSize (FF)V setSize
.method_map com/mojang/minecraft/Entity/setRot (FF)V setRot
.method_map com/mojang/minecraft/Entity/shouldRender (Lcom/mojang/minecraft/model/Vector3D;)Z shouldRender
.method_map com/mojang/minecraft/Entity/isPickable ()Z isPickable
.method_map com/mojang/minecraft/Entity/isLit ()Z isLit
.method_map com/mojang/minecraft/Entity/isPushable ()Z isPushable
.method_map com/mojang/minecraft/Entity/distanceTo (Lcom/mojang/minecraft/Entity;)F distanceTo
.method_map com/mojang/minecraft/Entity/moveRelative (FFF)V moveRelative
.method_map com/mojang/minecraft/Entity/setPos (Lcom/mojang/minecraft/net/UNKNOWN0;)V setPos
.method_map com/mojang/minecraft/Entity/setLevel (Lcom/mojang/minecraft/level/Level;)V setLevel
.method_map com/mojang/minecraft/Entity/getBrightness (F)F getBrightness
.method_map com/mojang/minecraft/Entity/playSound (Ljava/lang/String;FF)V playSound
.method_map com/mojang/minecraft/Entity/isCreativeModeAllowed ()Z isCreativeModeAllowed
.method_map com/mojang/minecraft/Entity/isFree (FFF)Z isFree
.method_map com/mojang/minecraft/Entity/hurt (Lcom/mojang/minecraft/Entity;I)V hurt
.method_map com/mojang/minecraft/Entity/isInWater ()Z isInWater
.method_map com/mojang/minecraft/Entity/distanceToSqr (Lcom/mojang/minecraft/Entity;)F distanceToSqr
.field_map com/mojang/net/BindTo/b server
.field_map com/mojang/net/BindTo/a serverChannel
.field_map com/mojang/net/BindTo/c c
.field_map com/mojang/net/NetworkHandler/i stringBytes
.field_map com/mojang/net/NetworkHandler/h h
.field_map com/mojang/net/NetworkHandler/g socket
.field_map com/mojang/net/NetworkHandler/f address
.field_map com/mojang/net/NetworkHandler/e networkManager
.field_map com/mojang/net/NetworkHandler/d out
.field_map com/mojang/net/NetworkHandler/c in
.field_map com/mojang/net/NetworkHandler/b channel
.field_map com/mojang/net/NetworkHandler/a connected
.method_map com/mojang/net/NetworkHandler/a ()V close
.method_map com/mojang/net/NetworkHandler/a (Ljava/lang/Class;)Ljava/lang/Object; receive
.method_map com/mojang/net/NetworkHandler/a (Lcom/mojang/minecraft/net/PacketType;[Ljava/lang/Object;)V send
